<?xml version="1.0" encoding="UTF-8"?>
<coverage generated="1736267538622" clover="3.2.0">
  <project timestamp="1736267538622" name="All files">
    <metrics statements="81" coveredstatements="81" conditionals="65" coveredconditionals="64" methods="24" coveredmethods="24" elements="170" coveredelements="169" complexity="0" loc="81" ncloc="81" packages="1" files="1" classes="1"/>
    <file name="index.js" path="/home/yanch/hexlet-automated-testing/src/index.js">
      <metrics statements="81" coveredstatements="81" conditionals="65" coveredconditionals="64" methods="24" coveredmethods="24"/>
      <line num="4" count="11" type="stmt"/>
      <line num="5" count="4" type="cond" truecount="5" falsecount="0"/>
      <line num="6" count="2" type="stmt"/>
      <line num="7" count="2" type="stmt"/>
      <line num="10" count="11" type="stmt"/>
      <line num="17" count="3" type="cond" truecount="2" falsecount="0"/>
      <line num="18" count="1" type="stmt"/>
      <line num="21" count="11" type="cond" truecount="1" falsecount="0"/>
      <line num="23" count="11" type="cond" truecount="1" falsecount="0"/>
      <line num="29" count="3" type="stmt"/>
      <line num="32" count="11" type="stmt"/>
      <line num="33" count="2" type="cond" truecount="4" falsecount="0"/>
      <line num="34" count="1" type="stmt"/>
      <line num="37" count="11" type="stmt"/>
      <line num="38" count="5" type="cond" truecount="4" falsecount="0"/>
      <line num="39" count="12" type="stmt"/>
      <line num="42" count="11" type="stmt"/>
      <line num="43" count="7" type="cond" truecount="2" falsecount="0"/>
      <line num="44" count="4" type="stmt"/>
      <line num="47" count="11" type="stmt"/>
      <line num="48" count="2" type="stmt"/>
      <line num="49" count="2" type="stmt"/>
      <line num="50" count="2" type="stmt"/>
      <line num="52" count="2" type="stmt"/>
      <line num="53" count="8" type="cond" truecount="2" falsecount="0"/>
      <line num="54" count="3" type="stmt"/>
      <line num="55" count="4" type="cond" truecount="2" falsecount="0"/>
      <line num="57" count="1" type="stmt"/>
      <line num="60" count="2" type="stmt"/>
      <line num="64" count="11" type="stmt"/>
      <line num="65" count="8" type="cond" truecount="4" falsecount="0"/>
      <line num="67" count="5" type="cond" truecount="2" falsecount="0"/>
      <line num="70" count="5" type="stmt"/>
      <line num="72" count="5" type="stmt"/>
      <line num="74" count="17" type="cond" truecount="2" falsecount="0"/>
      <line num="75" count="5" type="stmt"/>
      <line num="78" count="12" type="cond" truecount="2" falsecount="0"/>
      <line num="79" count="3" type="cond" truecount="2" falsecount="0"/>
      <line num="81" count="12" type="stmt"/>
      <line num="84" count="5" type="stmt"/>
      <line num="87" count="11" type="stmt"/>
      <line num="88" count="9" type="stmt"/>
      <line num="89" count="9" type="cond" truecount="0" falsecount="1"/>
      <line num="90" count="12" type="cond" truecount="2" falsecount="0"/>
      <line num="91" count="10" type="stmt"/>
      <line num="92" count="10" type="cond" truecount="2" falsecount="0"/>
      <line num="93" count="9" type="stmt"/>
      <line num="95" count="1" type="stmt"/>
      <line num="98" count="9" type="stmt"/>
      <line num="99" count="7" type="stmt"/>
      <line num="101" count="9" type="stmt"/>
      <line num="102" count="5" type="stmt"/>
      <line num="104" count="9" type="stmt"/>
      <line num="105" count="5" type="stmt"/>
      <line num="107" count="9" type="stmt"/>
      <line num="110" count="11" type="cond" truecount="1" falsecount="0"/>
      <line num="111" count="6" type="cond" truecount="2" falsecount="0"/>
      <line num="113" count="5" type="cond" truecount="2" falsecount="0"/>
      <line num="115" count="5" type="stmt"/>
      <line num="116" count="5" type="stmt"/>
      <line num="117" count="5" type="cond" truecount="4" falsecount="0"/>
      <line num="118" count="2" type="stmt"/>
      <line num="121" count="11" type="cond" truecount="1" falsecount="0"/>
      <line num="122" count="8" type="cond" truecount="2" falsecount="0"/>
      <line num="123" count="7" type="cond" truecount="2" falsecount="0"/>
      <line num="124" count="7" type="stmt"/>
      <line num="125" count="7" type="stmt"/>
      <line num="126" count="7" type="stmt"/>
      <line num="127" count="14" type="cond" truecount="2" falsecount="0"/>
      <line num="129" count="4" type="stmt"/>
      <line num="132" count="11" type="cond" truecount="1" falsecount="0"/>
      <line num="133" count="9" type="cond" truecount="2" falsecount="0"/>
      <line num="134" count="8" type="cond" truecount="2" falsecount="0"/>
      <line num="136" count="8" type="cond" truecount="2" falsecount="0"/>
      <line num="137" count="8" type="cond" truecount="2" falsecount="0"/>
      <line num="139" count="8" type="stmt"/>
      <line num="140" count="8" type="stmt"/>
      <line num="141" count="8" type="stmt"/>
      <line num="142" count="8" type="stmt"/>
      <line num="143" count="20" type="stmt"/>
      <line num="145" count="8" type="stmt"/>
    </file>
  </project>
</coverage>
