{
  "/home/yanch/hexlet-automated-testing/src/index.js": {
    "path": "/home/yanch/hexlet-automated-testing/src/index.js",
    "statementMap": {
      "0": {
        "start": { "line": 4, "column": 26 },
        "end": { "line": 8, "column": 1 }
      },
      "1": {
        "start": { "line": 5, "column": 2 },
        "end": { "line": 5, "column": 68 }
      },
      "2": {
        "start": { "line": 5, "column": 58 },
        "end": { "line": 5, "column": 68 }
      },
      "3": {
        "start": { "line": 6, "column": 40 },
        "end": { "line": 6, "column": 44 }
      },
      "4": {
        "start": { "line": 7, "column": 2 },
        "end": { "line": 7, "column": 63 }
      },
      "5": {
        "start": { "line": 10, "column": 19 },
        "end": { "line": 19, "column": 1 }
      },
      "6": {
        "start": { "line": 17, "column": 2 },
        "end": { "line": 17, "column": 54 }
      },
      "7": {
        "start": { "line": 17, "column": 38 },
        "end": { "line": 17, "column": 54 }
      },
      "8": {
        "start": { "line": 18, "column": 2 },
        "end": { "line": 18, "column": 22 }
      },
      "9": {
        "start": { "line": 21, "column": 20 },
        "end": { "line": 21, "column": 55 }
      },
      "10": {
        "start": { "line": 21, "column": 38 },
        "end": { "line": 21, "column": 55 }
      },
      "11": {
        "start": { "line": 23, "column": 23 },
        "end": { "line": 30, "column": 1 }
      },
      "12": {
        "start": { "line": 29, "column": 2 },
        "end": { "line": 29, "column": 41 }
      },
      "13": {
        "start": { "line": 32, "column": 23 },
        "end": { "line": 35, "column": 1 }
      },
      "14": {
        "start": { "line": 33, "column": 2 },
        "end": { "line": 33, "column": 43 }
      },
      "15": {
        "start": { "line": 33, "column": 33 },
        "end": { "line": 33, "column": 43 }
      },
      "16": {
        "start": { "line": 34, "column": 2 },
        "end": { "line": 34, "column": 42 }
      },
      "17": {
        "start": { "line": 37, "column": 23 },
        "end": { "line": 40, "column": 1 }
      },
      "18": {
        "start": { "line": 38, "column": 2 },
        "end": { "line": 38, "column": 49 }
      },
      "19": {
        "start": { "line": 38, "column": 39 },
        "end": { "line": 38, "column": 49 }
      },
      "20": {
        "start": { "line": 39, "column": 2 },
        "end": { "line": 39, "column": 51 }
      },
      "21": {
        "start": { "line": 39, "column": 29 },
        "end": { "line": 39, "column": 49 }
      },
      "22": {
        "start": { "line": 42, "column": 18 },
        "end": { "line": 45, "column": 1 }
      },
      "23": {
        "start": { "line": 43, "column": 2 },
        "end": { "line": 43, "column": 33 }
      },
      "24": {
        "start": { "line": 43, "column": 21 },
        "end": { "line": 43, "column": 33 }
      },
      "25": {
        "start": { "line": 44, "column": 2 },
        "end": { "line": 44, "column": 15 }
      },
      "26": {
        "start": { "line": 47, "column": 29 },
        "end": { "line": 61, "column": 1 }
      },
      "27": {
        "start": { "line": 48, "column": 17 },
        "end": { "line": 48, "column": 19 }
      },
      "28": {
        "start": { "line": 49, "column": 19 },
        "end": { "line": 51, "column": 3 }
      },
      "29": {
        "start": { "line": 50, "column": 4 },
        "end": { "line": 50, "column": 20 }
      },
      "30": {
        "start": { "line": 52, "column": 18 },
        "end": { "line": 59, "column": 3 }
      },
      "31": {
        "start": { "line": 53, "column": 4 },
        "end": { "line": 53, "column": 41 }
      },
      "32": {
        "start": { "line": 53, "column": 29 },
        "end": { "line": 53, "column": 41 }
      },
      "33": {
        "start": { "line": 54, "column": 4 },
        "end": { "line": 56, "column": 5 }
      },
      "34": {
        "start": { "line": 55, "column": 6 },
        "end": { "line": 55, "column": 38 }
      },
      "35": {
        "start": { "line": 55, "column": 25 },
        "end": { "line": 55, "column": 38 }
      },
      "36": {
        "start": { "line": 57, "column": 4 },
        "end": { "line": 57, "column": 16 }
      },
      "37": {
        "start": { "line": 60, "column": 2 },
        "end": { "line": 60, "column": 31 }
      },
      "38": {
        "start": { "line": 64, "column": 19 },
        "end": { "line": 85, "column": 1 }
      },
      "39": {
        "start": { "line": 65, "column": 2 },
        "end": { "line": 65, "column": 45 }
      },
      "40": {
        "start": { "line": 65, "column": 34 },
        "end": { "line": 65, "column": 45 }
      },
      "41": {
        "start": { "line": 67, "column": 20 },
        "end": { "line": 69, "column": 43 }
      },
      "42": {
        "start": { "line": 70, "column": 16 },
        "end": { "line": 70, "column": 19 }
      },
      "43": {
        "start": { "line": 72, "column": 2 },
        "end": { "line": 83, "column": 5 }
      },
      "44": {
        "start": { "line": 74, "column": 4 },
        "end": { "line": 82, "column": 5 }
      },
      "45": {
        "start": { "line": 75, "column": 6 },
        "end": { "line": 75, "column": 27 }
      },
      "46": {
        "start": { "line": 78, "column": 6 },
        "end": { "line": 80, "column": 7 }
      },
      "47": {
        "start": { "line": 79, "column": 8 },
        "end": { "line": 79, "column": 61 }
      },
      "48": {
        "start": { "line": 81, "column": 6 },
        "end": { "line": 81, "column": 29 }
      },
      "49": {
        "start": { "line": 84, "column": 2 },
        "end": { "line": 84, "column": 13 }
      },
      "50": {
        "start": { "line": 87, "column": 24 },
        "end": { "line": 108, "column": 1 }
      },
      "51": {
        "start": { "line": 88, "column": 17 },
        "end": { "line": 88, "column": 19 }
      },
      "52": {
        "start": { "line": 89, "column": 18 },
        "end": { "line": 97, "column": 3 }
      },
      "53": {
        "start": { "line": 90, "column": 4 },
        "end": { "line": 90, "column": 73 }
      },
      "54": {
        "start": { "line": 90, "column": 20 },
        "end": { "line": 90, "column": 73 }
      },
      "55": {
        "start": { "line": 91, "column": 23 },
        "end": { "line": 91, "column": 70 }
      },
      "56": {
        "start": { "line": 91, "column": 43 },
        "end": { "line": 91, "column": 69 }
      },
      "57": {
        "start": { "line": 92, "column": 4 },
        "end": { "line": 96, "column": 5 }
      },
      "58": {
        "start": { "line": 93, "column": 6 },
        "end": { "line": 93, "column": 35 }
      },
      "59": {
        "start": { "line": 95, "column": 6 },
        "end": { "line": 95, "column": 32 }
      },
      "60": {
        "start": { "line": 98, "column": 19 },
        "end": { "line": 100, "column": 3 }
      },
      "61": {
        "start": { "line": 99, "column": 4 },
        "end": { "line": 99, "column": 18 }
      },
      "62": {
        "start": { "line": 101, "column": 18 },
        "end": { "line": 103, "column": 3 }
      },
      "63": {
        "start": { "line": 102, "column": 4 },
        "end": { "line": 102, "column": 73 }
      },
      "64": {
        "start": { "line": 102, "column": 38 },
        "end": { "line": 102, "column": 68 }
      },
      "65": {
        "start": { "line": 104, "column": 19 },
        "end": { "line": 106, "column": 3 }
      },
      "66": {
        "start": { "line": 105, "column": 4 },
        "end": { "line": 105, "column": 57 }
      },
      "67": {
        "start": { "line": 105, "column": 38 },
        "end": { "line": 105, "column": 52 }
      },
      "68": {
        "start": { "line": 107, "column": 2 },
        "end": { "line": 107, "column": 50 }
      },
      "69": {
        "start": { "line": 110, "column": 25 },
        "end": { "line": 119, "column": 1 }
      },
      "70": {
        "start": { "line": 111, "column": 2 },
        "end": { "line": 111, "column": 39 }
      },
      "71": {
        "start": { "line": 111, "column": 27 },
        "end": { "line": 111, "column": 39 }
      },
      "72": {
        "start": { "line": 113, "column": 2 },
        "end": { "line": 113, "column": 37 }
      },
      "73": {
        "start": { "line": 113, "column": 17 },
        "end": { "line": 113, "column": 37 }
      },
      "74": {
        "start": { "line": 115, "column": 2 },
        "end": { "line": 115, "column": 29 }
      },
      "75": {
        "start": { "line": 116, "column": 2 },
        "end": { "line": 116, "column": 38 }
      },
      "76": {
        "start": { "line": 117, "column": 2 },
        "end": { "line": 117, "column": 58 }
      },
      "77": {
        "start": { "line": 117, "column": 40 },
        "end": { "line": 117, "column": 58 }
      },
      "78": {
        "start": { "line": 118, "column": 2 },
        "end": { "line": 118, "column": 22 }
      },
      "79": {
        "start": { "line": 121, "column": 29 },
        "end": { "line": 130, "column": 1 }
      },
      "80": {
        "start": { "line": 122, "column": 2 },
        "end": { "line": 122, "column": 37 }
      },
      "81": {
        "start": { "line": 122, "column": 27 },
        "end": { "line": 122, "column": 37 }
      },
      "82": {
        "start": { "line": 123, "column": 2 },
        "end": { "line": 123, "column": 45 }
      },
      "83": {
        "start": { "line": 123, "column": 21 },
        "end": { "line": 123, "column": 45 }
      },
      "84": {
        "start": { "line": 124, "column": 2 },
        "end": { "line": 124, "column": 37 }
      },
      "85": {
        "start": { "line": 125, "column": 2 },
        "end": { "line": 125, "column": 46 }
      },
      "86": {
        "start": { "line": 126, "column": 2 },
        "end": { "line": 128, "column": 3 }
      },
      "87": {
        "start": { "line": 126, "column": 15 },
        "end": { "line": 126, "column": 24 }
      },
      "88": {
        "start": { "line": 127, "column": 4 },
        "end": { "line": 127, "column": 35 }
      },
      "89": {
        "start": { "line": 127, "column": 26 },
        "end": { "line": 127, "column": 35 }
      },
      "90": {
        "start": { "line": 129, "column": 2 },
        "end": { "line": 129, "column": 12 }
      },
      "91": {
        "start": { "line": 132, "column": 27 },
        "end": { "line": 146, "column": 1 }
      },
      "92": {
        "start": { "line": 133, "column": 2 },
        "end": { "line": 133, "column": 39 }
      },
      "93": {
        "start": { "line": 133, "column": 27 },
        "end": { "line": 133, "column": 39 }
      },
      "94": {
        "start": { "line": 134, "column": 2 },
        "end": { "line": 134, "column": 42 }
      },
      "95": {
        "start": { "line": 134, "column": 25 },
        "end": { "line": 134, "column": 42 }
      },
      "96": {
        "start": { "line": 136, "column": 2 },
        "end": { "line": 136, "column": 37 }
      },
      "97": {
        "start": { "line": 136, "column": 17 },
        "end": { "line": 136, "column": 37 }
      },
      "98": {
        "start": { "line": 137, "column": 2 },
        "end": { "line": 137, "column": 33 }
      },
      "99": {
        "start": { "line": 137, "column": 15 },
        "end": { "line": 137, "column": 33 }
      },
      "100": {
        "start": { "line": 139, "column": 2 },
        "end": { "line": 139, "column": 29 }
      },
      "101": {
        "start": { "line": 140, "column": 2 },
        "end": { "line": 140, "column": 34 }
      },
      "102": {
        "start": { "line": 141, "column": 17 },
        "end": { "line": 141, "column": 19 }
      },
      "103": {
        "start": { "line": 142, "column": 2 },
        "end": { "line": 144, "column": 3 }
      },
      "104": {
        "start": { "line": 142, "column": 15 },
        "end": { "line": 142, "column": 20 }
      },
      "105": {
        "start": { "line": 143, "column": 4 },
        "end": { "line": 143, "column": 24 }
      },
      "106": {
        "start": { "line": 145, "column": 2 },
        "end": { "line": 145, "column": 16 }
      }
    },
    "fnMap": {
      "0": {
        "name": "(anonymous_0)",
        "decl": {
          "start": { "line": 4, "column": 26 },
          "end": { "line": 4, "column": 27 }
        },
        "loc": {
          "start": { "line": 4, "column": 36 },
          "end": { "line": 8, "column": 1 }
        },
        "line": 4
      },
      "1": {
        "name": "(anonymous_1)",
        "decl": {
          "start": { "line": 10, "column": 19 },
          "end": { "line": 10, "column": 20 }
        },
        "loc": {
          "start": { "line": 10, "column": 47 },
          "end": { "line": 19, "column": 1 }
        },
        "line": 10
      },
      "2": {
        "name": "(anonymous_2)",
        "decl": {
          "start": { "line": 21, "column": 20 },
          "end": { "line": 21, "column": 21 }
        },
        "loc": {
          "start": { "line": 21, "column": 38 },
          "end": { "line": 21, "column": 55 }
        },
        "line": 21
      },
      "3": {
        "name": "(anonymous_3)",
        "decl": {
          "start": { "line": 23, "column": 23 },
          "end": { "line": 23, "column": 24 }
        },
        "loc": {
          "start": { "line": 23, "column": 56 },
          "end": { "line": 30, "column": 1 }
        },
        "line": 23
      },
      "4": {
        "name": "(anonymous_4)",
        "decl": {
          "start": { "line": 32, "column": 23 },
          "end": { "line": 32, "column": 24 }
        },
        "loc": {
          "start": { "line": 32, "column": 32 },
          "end": { "line": 35, "column": 1 }
        },
        "line": 32
      },
      "5": {
        "name": "(anonymous_5)",
        "decl": {
          "start": { "line": 37, "column": 23 },
          "end": { "line": 37, "column": 24 }
        },
        "loc": {
          "start": { "line": 37, "column": 44 },
          "end": { "line": 40, "column": 1 }
        },
        "line": 37
      },
      "6": {
        "name": "(anonymous_6)",
        "decl": {
          "start": { "line": 39, "column": 21 },
          "end": { "line": 39, "column": 22 }
        },
        "loc": {
          "start": { "line": 39, "column": 29 },
          "end": { "line": 39, "column": 49 }
        },
        "line": 39
      },
      "7": {
        "name": "(anonymous_7)",
        "decl": {
          "start": { "line": 42, "column": 18 },
          "end": { "line": 42, "column": 19 }
        },
        "loc": {
          "start": { "line": 42, "column": 36 },
          "end": { "line": 45, "column": 1 }
        },
        "line": 42
      },
      "8": {
        "name": "(anonymous_8)",
        "decl": {
          "start": { "line": 47, "column": 29 },
          "end": { "line": 47, "column": 30 }
        },
        "loc": {
          "start": { "line": 47, "column": 35 },
          "end": { "line": 61, "column": 1 }
        },
        "line": 47
      },
      "9": {
        "name": "(anonymous_9)",
        "decl": {
          "start": { "line": 49, "column": 19 },
          "end": { "line": 49, "column": 20 }
        },
        "loc": {
          "start": { "line": 49, "column": 27 },
          "end": { "line": 51, "column": 3 }
        },
        "line": 49
      },
      "10": {
        "name": "(anonymous_10)",
        "decl": {
          "start": { "line": 52, "column": 18 },
          "end": { "line": 52, "column": 19 }
        },
        "loc": {
          "start": { "line": 52, "column": 29 },
          "end": { "line": 59, "column": 3 }
        },
        "line": 52
      },
      "11": {
        "name": "(anonymous_11)",
        "decl": {
          "start": { "line": 64, "column": 19 },
          "end": { "line": 64, "column": 20 }
        },
        "loc": {
          "start": { "line": 64, "column": 41 },
          "end": { "line": 85, "column": 1 }
        },
        "line": 64
      },
      "12": {
        "name": "(anonymous_12)",
        "decl": {
          "start": { "line": 72, "column": 20 },
          "end": { "line": 72, "column": 21 }
        },
        "loc": {
          "start": { "line": 72, "column": 36 },
          "end": { "line": 83, "column": 3 }
        },
        "line": 72
      },
      "13": {
        "name": "(anonymous_13)",
        "decl": {
          "start": { "line": 87, "column": 24 },
          "end": { "line": 87, "column": 25 }
        },
        "loc": {
          "start": { "line": 87, "column": 30 },
          "end": { "line": 108, "column": 1 }
        },
        "line": 87
      },
      "14": {
        "name": "(anonymous_14)",
        "decl": {
          "start": { "line": 89, "column": 18 },
          "end": { "line": 89, "column": 19 }
        },
        "loc": {
          "start": { "line": 89, "column": 39 },
          "end": { "line": 97, "column": 3 }
        },
        "line": 89
      },
      "15": {
        "name": "(anonymous_15)",
        "decl": {
          "start": { "line": 91, "column": 35 },
          "end": { "line": 91, "column": 36 }
        },
        "loc": {
          "start": { "line": 91, "column": 43 },
          "end": { "line": 91, "column": 69 }
        },
        "line": 91
      },
      "16": {
        "name": "(anonymous_16)",
        "decl": {
          "start": { "line": 98, "column": 19 },
          "end": { "line": 98, "column": 20 }
        },
        "loc": {
          "start": { "line": 98, "column": 25 },
          "end": { "line": 100, "column": 3 }
        },
        "line": 98
      },
      "17": {
        "name": "(anonymous_17)",
        "decl": {
          "start": { "line": 101, "column": 18 },
          "end": { "line": 101, "column": 19 }
        },
        "loc": {
          "start": { "line": 101, "column": 24 },
          "end": { "line": 103, "column": 3 }
        },
        "line": 101
      },
      "18": {
        "name": "(anonymous_18)",
        "decl": {
          "start": { "line": 102, "column": 25 },
          "end": { "line": 102, "column": 26 }
        },
        "loc": {
          "start": { "line": 102, "column": 38 },
          "end": { "line": 102, "column": 68 }
        },
        "line": 102
      },
      "19": {
        "name": "(anonymous_19)",
        "decl": {
          "start": { "line": 104, "column": 19 },
          "end": { "line": 104, "column": 20 }
        },
        "loc": {
          "start": { "line": 104, "column": 25 },
          "end": { "line": 106, "column": 3 }
        },
        "line": 104
      },
      "20": {
        "name": "(anonymous_20)",
        "decl": {
          "start": { "line": 105, "column": 25 },
          "end": { "line": 105, "column": 26 }
        },
        "loc": {
          "start": { "line": 105, "column": 38 },
          "end": { "line": 105, "column": 52 }
        },
        "line": 105
      },
      "21": {
        "name": "(anonymous_21)",
        "decl": {
          "start": { "line": 110, "column": 25 },
          "end": { "line": 110, "column": 26 }
        },
        "loc": {
          "start": { "line": 110, "column": 62 },
          "end": { "line": 119, "column": 1 }
        },
        "line": 110
      },
      "22": {
        "name": "(anonymous_22)",
        "decl": {
          "start": { "line": 121, "column": 29 },
          "end": { "line": 121, "column": 30 }
        },
        "loc": {
          "start": { "line": 121, "column": 60 },
          "end": { "line": 130, "column": 1 }
        },
        "line": 121
      },
      "23": {
        "name": "(anonymous_23)",
        "decl": {
          "start": { "line": 132, "column": 27 },
          "end": { "line": 132, "column": 28 }
        },
        "loc": {
          "start": { "line": 132, "column": 52 },
          "end": { "line": 146, "column": 1 }
        },
        "line": 132
      }
    },
    "branchMap": {
      "0": {
        "loc": {
          "start": { "line": 5, "column": 2 },
          "end": { "line": 5, "column": 68 }
        },
        "type": "if",
        "locations": [
          {
            "start": { "line": 5, "column": 2 },
            "end": { "line": 5, "column": 68 }
          },
          { "start": {}, "end": {} }
        ],
        "line": 5
      },
      "1": {
        "loc": {
          "start": { "line": 5, "column": 6 },
          "end": { "line": 5, "column": 56 }
        },
        "type": "binary-expr",
        "locations": [
          {
            "start": { "line": 5, "column": 6 },
            "end": { "line": 5, "column": 19 }
          },
          {
            "start": { "line": 5, "column": 23 },
            "end": { "line": 5, "column": 41 }
          },
          {
            "start": { "line": 5, "column": 45 },
            "end": { "line": 5, "column": 56 }
          }
        ],
        "line": 5
      },
      "2": {
        "loc": {
          "start": { "line": 17, "column": 2 },
          "end": { "line": 17, "column": 54 }
        },
        "type": "if",
        "locations": [
          {
            "start": { "line": 17, "column": 2 },
            "end": { "line": 17, "column": 54 }
          },
          { "start": {}, "end": {} }
        ],
        "line": 17
      },
      "3": {
        "loc": {
          "start": { "line": 21, "column": 28 },
          "end": { "line": 21, "column": 33 }
        },
        "type": "default-arg",
        "locations": [
          {
            "start": { "line": 21, "column": 32 },
            "end": { "line": 21, "column": 33 }
          }
        ],
        "line": 21
      },
      "4": {
        "loc": {
          "start": { "line": 23, "column": 38 },
          "end": { "line": 23, "column": 51 }
        },
        "type": "default-arg",
        "locations": [
          {
            "start": { "line": 23, "column": 50 },
            "end": { "line": 23, "column": 51 }
          }
        ],
        "line": 23
      },
      "5": {
        "loc": {
          "start": { "line": 33, "column": 2 },
          "end": { "line": 33, "column": 43 }
        },
        "type": "if",
        "locations": [
          {
            "start": { "line": 33, "column": 2 },
            "end": { "line": 33, "column": 43 }
          },
          { "start": {}, "end": {} }
        ],
        "line": 33
      },
      "6": {
        "loc": {
          "start": { "line": 33, "column": 6 },
          "end": { "line": 33, "column": 31 }
        },
        "type": "binary-expr",
        "locations": [
          {
            "start": { "line": 33, "column": 6 },
            "end": { "line": 33, "column": 17 }
          },
          {
            "start": { "line": 33, "column": 21 },
            "end": { "line": 33, "column": 31 }
          }
        ],
        "line": 33
      },
      "7": {
        "loc": {
          "start": { "line": 38, "column": 2 },
          "end": { "line": 38, "column": 49 }
        },
        "type": "if",
        "locations": [
          {
            "start": { "line": 38, "column": 2 },
            "end": { "line": 38, "column": 49 }
          },
          { "start": {}, "end": {} }
        ],
        "line": 38
      },
      "8": {
        "loc": {
          "start": { "line": 38, "column": 6 },
          "end": { "line": 38, "column": 37 }
        },
        "type": "binary-expr",
        "locations": [
          {
            "start": { "line": 38, "column": 6 },
            "end": { "line": 38, "column": 23 }
          },
          {
            "start": { "line": 38, "column": 27 },
            "end": { "line": 38, "column": 37 }
          }
        ],
        "line": 38
      },
      "9": {
        "loc": {
          "start": { "line": 43, "column": 2 },
          "end": { "line": 43, "column": 33 }
        },
        "type": "if",
        "locations": [
          {
            "start": { "line": 43, "column": 2 },
            "end": { "line": 43, "column": 33 }
          },
          { "start": {}, "end": {} }
        ],
        "line": 43
      },
      "10": {
        "loc": {
          "start": { "line": 53, "column": 4 },
          "end": { "line": 53, "column": 41 }
        },
        "type": "if",
        "locations": [
          {
            "start": { "line": 53, "column": 4 },
            "end": { "line": 53, "column": 41 }
          },
          { "start": {}, "end": {} }
        ],
        "line": 53
      },
      "11": {
        "loc": {
          "start": { "line": 55, "column": 6 },
          "end": { "line": 55, "column": 38 }
        },
        "type": "if",
        "locations": [
          {
            "start": { "line": 55, "column": 6 },
            "end": { "line": 55, "column": 38 }
          },
          { "start": {}, "end": {} }
        ],
        "line": 55
      },
      "12": {
        "loc": {
          "start": { "line": 65, "column": 2 },
          "end": { "line": 65, "column": 45 }
        },
        "type": "if",
        "locations": [
          {
            "start": { "line": 65, "column": 2 },
            "end": { "line": 65, "column": 45 }
          },
          { "start": {}, "end": {} }
        ],
        "line": 65
      },
      "13": {
        "loc": {
          "start": { "line": 65, "column": 6 },
          "end": { "line": 65, "column": 32 }
        },
        "type": "binary-expr",
        "locations": [
          {
            "start": { "line": 65, "column": 6 },
            "end": { "line": 65, "column": 11 }
          },
          {
            "start": { "line": 65, "column": 15 },
            "end": { "line": 65, "column": 32 }
          }
        ],
        "line": 65
      },
      "14": {
        "loc": {
          "start": { "line": 67, "column": 20 },
          "end": { "line": 69, "column": 43 }
        },
        "type": "cond-expr",
        "locations": [
          {
            "start": { "line": 68, "column": 6 },
            "end": { "line": 68, "column": 10 }
          },
          {
            "start": { "line": 69, "column": 6 },
            "end": { "line": 69, "column": 43 }
          }
        ],
        "line": 67
      },
      "15": {
        "loc": {
          "start": { "line": 74, "column": 4 },
          "end": { "line": 82, "column": 5 }
        },
        "type": "if",
        "locations": [
          {
            "start": { "line": 74, "column": 4 },
            "end": { "line": 82, "column": 5 }
          },
          {
            "start": { "line": 76, "column": 11 },
            "end": { "line": 82, "column": 5 }
          }
        ],
        "line": 74
      },
      "16": {
        "loc": {
          "start": { "line": 78, "column": 6 },
          "end": { "line": 80, "column": 7 }
        },
        "type": "if",
        "locations": [
          {
            "start": { "line": 78, "column": 6 },
            "end": { "line": 80, "column": 7 }
          },
          { "start": {}, "end": {} }
        ],
        "line": 78
      },
      "17": {
        "loc": {
          "start": { "line": 79, "column": 23 },
          "end": { "line": 79, "column": 60 }
        },
        "type": "cond-expr",
        "locations": [
          {
            "start": { "line": 79, "column": 53 },
            "end": { "line": 79, "column": 55 }
          },
          {
            "start": { "line": 79, "column": 58 },
            "end": { "line": 79, "column": 60 }
          }
        ],
        "line": 79
      },
      "18": {
        "loc": {
          "start": { "line": 89, "column": 25 },
          "end": { "line": 89, "column": 34 }
        },
        "type": "default-arg",
        "locations": [
          {
            "start": { "line": 89, "column": 33 },
            "end": { "line": 89, "column": 34 }
          }
        ],
        "line": 89
      },
      "19": {
        "loc": {
          "start": { "line": 90, "column": 4 },
          "end": { "line": 90, "column": 73 }
        },
        "type": "if",
        "locations": [
          {
            "start": { "line": 90, "column": 4 },
            "end": { "line": 90, "column": 73 }
          },
          { "start": {}, "end": {} }
        ],
        "line": 90
      },
      "20": {
        "loc": {
          "start": { "line": 92, "column": 4 },
          "end": { "line": 96, "column": 5 }
        },
        "type": "if",
        "locations": [
          {
            "start": { "line": 92, "column": 4 },
            "end": { "line": 96, "column": 5 }
          },
          {
            "start": { "line": 94, "column": 11 },
            "end": { "line": 96, "column": 5 }
          }
        ],
        "line": 92
      },
      "21": {
        "loc": {
          "start": { "line": 110, "column": 38 },
          "end": { "line": 110, "column": 57 }
        },
        "type": "default-arg",
        "locations": [
          {
            "start": { "line": 110, "column": 53 },
            "end": { "line": 110, "column": 57 }
          }
        ],
        "line": 110
      },
      "22": {
        "loc": {
          "start": { "line": 111, "column": 2 },
          "end": { "line": 111, "column": 39 }
        },
        "type": "if",
        "locations": [
          {
            "start": { "line": 111, "column": 2 },
            "end": { "line": 111, "column": 39 }
          },
          { "start": {}, "end": {} }
        ],
        "line": 111
      },
      "23": {
        "loc": {
          "start": { "line": 113, "column": 2 },
          "end": { "line": 113, "column": 37 }
        },
        "type": "if",
        "locations": [
          {
            "start": { "line": 113, "column": 2 },
            "end": { "line": 113, "column": 37 }
          },
          { "start": {}, "end": {} }
        ],
        "line": 113
      },
      "24": {
        "loc": {
          "start": { "line": 117, "column": 2 },
          "end": { "line": 117, "column": 58 }
        },
        "type": "if",
        "locations": [
          {
            "start": { "line": 117, "column": 2 },
            "end": { "line": 117, "column": 58 }
          },
          { "start": {}, "end": {} }
        ],
        "line": 117
      },
      "25": {
        "loc": {
          "start": { "line": 117, "column": 6 },
          "end": { "line": 117, "column": 38 }
        },
        "type": "binary-expr",
        "locations": [
          {
            "start": { "line": 117, "column": 6 },
            "end": { "line": 117, "column": 16 }
          },
          {
            "start": { "line": 117, "column": 20 },
            "end": { "line": 117, "column": 38 }
          }
        ],
        "line": 117
      },
      "26": {
        "loc": {
          "start": { "line": 121, "column": 42 },
          "end": { "line": 121, "column": 55 }
        },
        "type": "default-arg",
        "locations": [
          {
            "start": { "line": 121, "column": 54 },
            "end": { "line": 121, "column": 55 }
          }
        ],
        "line": 121
      },
      "27": {
        "loc": {
          "start": { "line": 122, "column": 2 },
          "end": { "line": 122, "column": 37 }
        },
        "type": "if",
        "locations": [
          {
            "start": { "line": 122, "column": 2 },
            "end": { "line": 122, "column": 37 }
          },
          { "start": {}, "end": {} }
        ],
        "line": 122
      },
      "28": {
        "loc": {
          "start": { "line": 123, "column": 2 },
          "end": { "line": 123, "column": 45 }
        },
        "type": "if",
        "locations": [
          {
            "start": { "line": 123, "column": 2 },
            "end": { "line": 123, "column": 45 }
          },
          { "start": {}, "end": {} }
        ],
        "line": 123
      },
      "29": {
        "loc": {
          "start": { "line": 127, "column": 4 },
          "end": { "line": 127, "column": 35 }
        },
        "type": "if",
        "locations": [
          {
            "start": { "line": 127, "column": 4 },
            "end": { "line": 127, "column": 35 }
          },
          { "start": {}, "end": {} }
        ],
        "line": 127
      },
      "30": {
        "loc": {
          "start": { "line": 132, "column": 33 },
          "end": { "line": 132, "column": 42 }
        },
        "type": "default-arg",
        "locations": [
          {
            "start": { "line": 132, "column": 41 },
            "end": { "line": 132, "column": 42 }
          }
        ],
        "line": 132
      },
      "31": {
        "loc": {
          "start": { "line": 133, "column": 2 },
          "end": { "line": 133, "column": 39 }
        },
        "type": "if",
        "locations": [
          {
            "start": { "line": 133, "column": 2 },
            "end": { "line": 133, "column": 39 }
          },
          { "start": {}, "end": {} }
        ],
        "line": 133
      },
      "32": {
        "loc": {
          "start": { "line": 134, "column": 2 },
          "end": { "line": 134, "column": 42 }
        },
        "type": "if",
        "locations": [
          {
            "start": { "line": 134, "column": 2 },
            "end": { "line": 134, "column": 42 }
          },
          { "start": {}, "end": {} }
        ],
        "line": 134
      },
      "33": {
        "loc": {
          "start": { "line": 136, "column": 2 },
          "end": { "line": 136, "column": 37 }
        },
        "type": "if",
        "locations": [
          {
            "start": { "line": 136, "column": 2 },
            "end": { "line": 136, "column": 37 }
          },
          { "start": {}, "end": {} }
        ],
        "line": 136
      },
      "34": {
        "loc": {
          "start": { "line": 137, "column": 2 },
          "end": { "line": 137, "column": 33 }
        },
        "type": "if",
        "locations": [
          {
            "start": { "line": 137, "column": 2 },
            "end": { "line": 137, "column": 33 }
          },
          { "start": {}, "end": {} }
        ],
        "line": 137
      }
    },
    "s": {
      "0": 11,
      "1": 4,
      "2": 2,
      "3": 2,
      "4": 2,
      "5": 11,
      "6": 3,
      "7": 2,
      "8": 1,
      "9": 11,
      "10": 4,
      "11": 11,
      "12": 3,
      "13": 11,
      "14": 2,
      "15": 1,
      "16": 1,
      "17": 11,
      "18": 5,
      "19": 2,
      "20": 3,
      "21": 12,
      "22": 11,
      "23": 7,
      "24": 3,
      "25": 4,
      "26": 11,
      "27": 2,
      "28": 2,
      "29": 2,
      "30": 2,
      "31": 8,
      "32": 5,
      "33": 3,
      "34": 4,
      "35": 2,
      "36": 1,
      "37": 2,
      "38": 11,
      "39": 8,
      "40": 3,
      "41": 5,
      "42": 5,
      "43": 5,
      "44": 17,
      "45": 5,
      "46": 12,
      "47": 3,
      "48": 12,
      "49": 5,
      "50": 11,
      "51": 9,
      "52": 9,
      "53": 12,
      "54": 2,
      "55": 10,
      "56": 4,
      "57": 10,
      "58": 9,
      "59": 1,
      "60": 9,
      "61": 7,
      "62": 9,
      "63": 5,
      "64": 3,
      "65": 9,
      "66": 5,
      "67": 3,
      "68": 9,
      "69": 11,
      "70": 6,
      "71": 1,
      "72": 5,
      "73": 1,
      "74": 5,
      "75": 5,
      "76": 5,
      "77": 3,
      "78": 2,
      "79": 11,
      "80": 8,
      "81": 1,
      "82": 7,
      "83": 3,
      "84": 7,
      "85": 7,
      "86": 7,
      "87": 7,
      "88": 14,
      "89": 3,
      "90": 4,
      "91": 11,
      "92": 9,
      "93": 1,
      "94": 8,
      "95": 3,
      "96": 8,
      "97": 2,
      "98": 8,
      "99": 2,
      "100": 8,
      "101": 8,
      "102": 8,
      "103": 8,
      "104": 8,
      "105": 20,
      "106": 8
    },
    "f": {
      "0": 4,
      "1": 3,
      "2": 4,
      "3": 3,
      "4": 2,
      "5": 5,
      "6": 12,
      "7": 7,
      "8": 2,
      "9": 2,
      "10": 8,
      "11": 8,
      "12": 17,
      "13": 9,
      "14": 12,
      "15": 4,
      "16": 7,
      "17": 5,
      "18": 3,
      "19": 5,
      "20": 3,
      "21": 6,
      "22": 8,
      "23": 9
    },
    "b": {
      "0": [2, 2],
      "1": [4, 3, 3],
      "2": [2, 1],
      "3": [1],
      "4": [2],
      "5": [1, 1],
      "6": [2, 1],
      "7": [2, 3],
      "8": [5, 4],
      "9": [3, 4],
      "10": [5, 3],
      "11": [2, 2],
      "12": [3, 5],
      "13": [8, 6],
      "14": [2, 3],
      "15": [5, 12],
      "16": [3, 9],
      "17": [2, 1],
      "18": [0],
      "19": [2, 10],
      "20": [9, 1],
      "21": [5],
      "22": [1, 5],
      "23": [1, 4],
      "24": [3, 2],
      "25": [5, 5],
      "26": [3],
      "27": [1, 7],
      "28": [3, 4],
      "29": [3, 11],
      "30": [1],
      "31": [1, 8],
      "32": [3, 5],
      "33": [2, 6],
      "34": [2, 6]
    },
    "inputSourceMap": null,
    "_coverageSchema": "1a1c01bbd47fc00a2c39e90264f33305004495a9",
    "hash": "12f16c21c8c759101a50494042c671c42f963593"
  }
}
