TN:
SF:src/index.js
FN:4,(anonymous_0)
FN:10,(anonymous_1)
FN:21,(anonymous_2)
FN:23,(anonymous_3)
FN:32,(anonymous_4)
FN:37,(anonymous_5)
FN:39,(anonymous_6)
FN:42,(anonymous_7)
FN:47,(anonymous_8)
FN:49,(anonymous_9)
FN:52,(anonymous_10)
FN:64,(anonymous_11)
FN:72,(anonymous_12)
FN:87,(anonymous_13)
FN:89,(anonymous_14)
FN:91,(anonymous_15)
FN:98,(anonymous_16)
FN:101,(anonymous_17)
FN:102,(anonymous_18)
FN:104,(anonymous_19)
FN:105,(anonymous_20)
FN:110,(anonymous_21)
FN:121,(anonymous_22)
FN:132,(anonymous_23)
FN:147,(anonymous_24)
FNF:25
FNH:25
FNDA:4,(anonymous_0)
FNDA:3,(anonymous_1)
FNDA:4,(anonymous_2)
FNDA:3,(anonymous_3)
FNDA:2,(anonymous_4)
FNDA:5,(anonymous_5)
FNDA:12,(anonymous_6)
FNDA:7,(anonymous_7)
FNDA:2,(anonymous_8)
FNDA:2,(anonymous_9)
FNDA:8,(anonymous_10)
FNDA:8,(anonymous_11)
FNDA:17,(anonymous_12)
FNDA:9,(anonymous_13)
FNDA:12,(anonymous_14)
FNDA:4,(anonymous_15)
FNDA:7,(anonymous_16)
FNDA:5,(anonymous_17)
FNDA:3,(anonymous_18)
FNDA:5,(anonymous_19)
FNDA:3,(anonymous_20)
FNDA:6,(anonymous_21)
FNDA:8,(anonymous_22)
FNDA:9,(anonymous_23)
FNDA:8,(anonymous_24)
DA:4,12
DA:5,4
DA:6,2
DA:7,2
DA:10,12
DA:17,3
DA:18,1
DA:21,12
DA:23,12
DA:29,3
DA:32,12
DA:33,2
DA:34,1
DA:37,12
DA:38,5
DA:39,12
DA:42,12
DA:43,7
DA:44,4
DA:47,12
DA:48,2
DA:49,2
DA:50,2
DA:52,2
DA:53,8
DA:54,3
DA:55,4
DA:57,1
DA:60,2
DA:64,12
DA:65,8
DA:67,5
DA:70,5
DA:72,5
DA:74,17
DA:75,5
DA:78,12
DA:79,3
DA:81,12
DA:84,5
DA:87,12
DA:88,9
DA:89,9
DA:90,12
DA:91,10
DA:92,10
DA:93,9
DA:95,1
DA:98,9
DA:99,7
DA:101,9
DA:102,5
DA:104,9
DA:105,5
DA:107,9
DA:110,12
DA:111,6
DA:113,5
DA:115,5
DA:116,5
DA:117,5
DA:118,2
DA:121,12
DA:122,8
DA:123,7
DA:124,7
DA:125,7
DA:126,7
DA:127,14
DA:129,4
DA:132,12
DA:133,9
DA:135,8
DA:136,8
DA:138,8
DA:139,8
DA:140,8
DA:141,8
DA:142,20
DA:144,8
DA:147,12
DA:148,8
DA:149,7
DA:150,7
DA:151,7
DA:152,7
DA:153,7
DA:154,15
DA:156,7
LF:89
LH:89
BRDA:5,0,0,2
BRDA:5,0,1,2
BRDA:5,1,0,4
BRDA:5,1,1,3
BRDA:5,1,2,3
BRDA:17,2,0,2
BRDA:17,2,1,1
BRDA:21,3,0,1
BRDA:23,4,0,2
BRDA:33,5,0,1
BRDA:33,5,1,1
BRDA:33,6,0,2
BRDA:33,6,1,1
BRDA:38,7,0,2
BRDA:38,7,1,3
BRDA:38,8,0,5
BRDA:38,8,1,4
BRDA:43,9,0,3
BRDA:43,9,1,4
BRDA:53,10,0,5
BRDA:53,10,1,3
BRDA:55,11,0,2
BRDA:55,11,1,2
BRDA:65,12,0,3
BRDA:65,12,1,5
BRDA:65,13,0,8
BRDA:65,13,1,6
BRDA:67,14,0,2
BRDA:67,14,1,3
BRDA:74,15,0,5
BRDA:74,15,1,12
BRDA:78,16,0,3
BRDA:78,16,1,9
BRDA:79,17,0,2
BRDA:79,17,1,1
BRDA:89,18,0,0
BRDA:90,19,0,2
BRDA:90,19,1,10
BRDA:92,20,0,9
BRDA:92,20,1,1
BRDA:110,21,0,5
BRDA:111,22,0,1
BRDA:111,22,1,5
BRDA:113,23,0,1
BRDA:113,23,1,4
BRDA:117,24,0,3
BRDA:117,24,1,2
BRDA:117,25,0,5
BRDA:117,25,1,5
BRDA:121,26,0,3
BRDA:122,27,0,1
BRDA:122,27,1,7
BRDA:123,28,0,3
BRDA:123,28,1,4
BRDA:127,29,0,3
BRDA:127,29,1,11
BRDA:132,30,0,1
BRDA:132,31,0,4
BRDA:133,32,0,1
BRDA:133,32,1,8
BRDA:135,33,0,2
BRDA:135,33,1,6
BRDA:136,34,0,2
BRDA:136,34,1,6
BRDA:147,35,0,1
BRDA:147,36,0,3
BRDA:148,37,0,1
BRDA:148,37,1,7
BRDA:149,38,0,2
BRDA:149,38,1,5
BRDA:150,39,0,2
BRDA:150,39,1,5
BRF:72
BRH:71
end_of_record
